[2012-03-08 23:54:06] request.ERROR: Symfony\Component\HttpKernel\Exception\NotFoundHttpException: No route found for "GET /labowebndev/web/css/style.ccs" (uncaught exception) at C:\wamp\www\LaboWebnDev\vendor\symfony\src\Symfony\Bundle\FrameworkBundle\EventListener\RouterListener.php line 83 [] []
[2012-03-08 23:55:03] request.ERROR: Symfony\Component\HttpKernel\Exception\NotFoundHttpException: No route found for "GET /labowebndev/web/css/style.ccs" (uncaught exception) at C:\wamp\www\LaboWebnDev\vendor\symfony\src\Symfony\Bundle\FrameworkBundle\EventListener\RouterListener.php line 83 [] []
[2012-03-08 23:57:15] request.ERROR: Symfony\Component\HttpKernel\Exception\NotFoundHttpException: No route found for "GET /labowebndev/web/css/style.ccs" (uncaught exception) at C:\wamp\www\LaboWebnDev\app\cache\prod\classes.php line 4564 [] []
[2012-03-08 23:57:17] request.ERROR: Symfony\Component\HttpKernel\Exception\NotFoundHttpException: No route found for "GET /labowebndev/web/css/style.ccs" (uncaught exception) at C:\wamp\www\LaboWebnDev\app\cache\prod\classes.php line 4564 [] []
[2012-03-08 23:58:22] request.ERROR: Symfony\Component\HttpKernel\Exception\NotFoundHttpException: No route found for "GET /labowebndev/web/css/style.ccs" (uncaught exception) at C:\wamp\www\LaboWebnDev\app\cache\prod\classes.php line 4564 [] []
[2012-03-08 23:58:24] request.ERROR: Symfony\Component\HttpKernel\Exception\NotFoundHttpException: No route found for "GET /labowebndev/web/css/style.ccs" (uncaught exception) at C:\wamp\www\LaboWebnDev\app\cache\prod\classes.php line 4564 [] []
[2012-03-08 23:58:43] request.ERROR: Symfony\Component\HttpKernel\Exception\NotFoundHttpException: No route found for "GET /labowebndev/web/css/style.ccs" (uncaught exception) at C:\wamp\www\LaboWebnDev\app\cache\prod\classes.php line 4564 [] []
[2012-03-08 23:58:45] request.ERROR: Symfony\Component\HttpKernel\Exception\NotFoundHttpException: No route found for "GET /labowebndev/web/css/style.ccs" (uncaught exception) at C:\wamp\www\LaboWebnDev\app\cache\prod\classes.php line 4564 [] []
[2012-03-09 00:00:22] request.ERROR: Symfony\Component\HttpKernel\Exception\NotFoundHttpException: No route found for "GET /labowebndev/web/css/style.ccs" (uncaught exception) at C:\wamp\www\LaboWebnDev\app\cache\prod\classes.php line 4564 [] []
[2012-03-09 00:00:26] request.ERROR: Symfony\Component\HttpKernel\Exception\NotFoundHttpException: No route found for "GET /labowebndev/web/css/style.ccs" (uncaught exception) at C:\wamp\www\LaboWebnDev\app\cache\prod\classes.php line 4564 [] []
[2012-03-09 00:00:33] request.ERROR: Symfony\Component\HttpKernel\Exception\NotFoundHttpException: No route found for "GET /labowebndev/web/css/style.ccs" (uncaught exception) at C:\wamp\www\LaboWebnDev\app\cache\prod\classes.php line 4564 [] []
[2012-03-09 00:09:39] request.ERROR: Symfony\Component\HttpKernel\Exception\NotFoundHttpException: No route found for "GET /labowebndev/web/css/images/fond.jpg" (uncaught exception) at C:\wamp\www\LaboWebnDev\app\cache\prod\classes.php line 4564 [] []
[2012-03-09 00:10:53] request.ERROR: Symfony\Component\HttpKernel\Exception\NotFoundHttpException: No route found for "GET /labowebndev/web/..src/Labo/ContenuBundle/Resources/public/images/fond.jpg" (uncaught exception) at C:\wamp\www\LaboWebnDev\app\cache\prod\classes.php line 4564 [] []
[2012-03-09 00:10:55] request.ERROR: Symfony\Component\HttpKernel\Exception\NotFoundHttpException: No route found for "GET /labowebndev/web/..src/Labo/ContenuBundle/Resources/public/images/fond.jpg" (uncaught exception) at C:\wamp\www\LaboWebnDev\app\cache\prod\classes.php line 4564 [] []
[2012-03-09 00:12:22] request.ERROR: Symfony\Component\HttpKernel\Exception\NotFoundHttpException: No route found for "GET /labowebndev/web/src/Labo/ContenuBundle/Resources/public/images/fond.jpg" (uncaught exception) at C:\wamp\www\LaboWebnDev\app\cache\prod\classes.php line 4564 [] []
[2012-03-09 00:12:24] request.ERROR: Symfony\Component\HttpKernel\Exception\NotFoundHttpException: No route found for "GET /labowebndev/web/src/Labo/ContenuBundle/Resources/public/images/fond.jpg" (uncaught exception) at C:\wamp\www\LaboWebnDev\app\cache\prod\classes.php line 4564 [] []
[2012-03-09 00:29:11] request.ERROR: Symfony\Component\HttpKernel\Exception\NotFoundHttpException: No route found for "GET /labowebndev/web/images/supinfoLogo.jpg" (uncaught exception) at C:\wamp\www\LaboWebnDev\app\cache\prod\classes.php line 4564 [] []
[2012-03-09 00:29:13] request.ERROR: Symfony\Component\HttpKernel\Exception\NotFoundHttpException: No route found for "GET /labowebndev/web/images/supinfoLogo.jpg" (uncaught exception) at C:\wamp\www\LaboWebnDev\app\cache\prod\classes.php line 4564 [] []
[2012-03-09 18:04:00] request.ERROR: Symfony\Component\HttpKernel\Exception\NotFoundHttpException: No route found for "GET /labowebndev/web/css/styleContenuBundle.css" (uncaught exception) at C:\wamp\www\LaboWebnDev\app\cache\prod\classes.php line 4564 [] []
[2012-03-09 18:04:03] request.ERROR: Symfony\Component\HttpKernel\Exception\NotFoundHttpException: No route found for "GET /labowebndev/web/css/styleContenuBundle.css" (uncaught exception) at C:\wamp\www\LaboWebnDev\app\cache\prod\classes.php line 4564 [] []
[2012-03-09 18:07:30] request.ERROR: Symfony\Component\HttpKernel\Exception\NotFoundHttpException: No route found for "GET /labowebndev/web/Contenu/public/css/styleContenuBundle.css" (uncaught exception) at C:\wamp\www\LaboWebnDev\app\cache\prod\classes.php line 4564 [] []
[2012-03-09 18:07:32] request.ERROR: Symfony\Component\HttpKernel\Exception\NotFoundHttpException: No route found for "GET /labowebndev/web/Contenu/public/css/styleContenuBundle.css" (uncaught exception) at C:\wamp\www\LaboWebnDev\app\cache\prod\classes.php line 4564 [] []
[2012-03-09 18:12:26] request.ERROR: Symfony\Component\HttpKernel\Exception\NotFoundHttpException: No route found for "GET /labowebndev/web/Contenu/public/css/styleContenuBundle.css" (uncaught exception) at C:\wamp\www\LaboWebnDev\app\cache\prod\classes.php line 4564 [] []
[2012-03-09 18:12:37] request.ERROR: Symfony\Component\HttpKernel\Exception\NotFoundHttpException: No route found for "GET /labowebndev/web/Contenu/public/css/styleContenuBundle.css" (uncaught exception) at C:\wamp\www\LaboWebnDev\app\cache\prod\classes.php line 4564 [] []
[2012-03-11 14:57:14] request.ERROR: Symfony\Component\HttpKernel\Exception\NotFoundHttpException: No route found for "GET /labowebndev/web/Contenu/public/css/styleContenuBundle.css" (uncaught exception) at C:\wamp\www\LaboWebnDev\app\cache\prod\classes.php line 4564 [] []
[2012-03-11 14:57:31] request.ERROR: Symfony\Component\HttpKernel\Exception\NotFoundHttpException: No route found for "GET /labowebndev/web/Contenu/public/css/styleContenuBundle.css" (uncaught exception) at C:\wamp\www\LaboWebnDev\app\cache\prod\classes.php line 4564 [] []
[2012-03-11 15:00:08] request.ERROR: Symfony\Component\HttpKernel\Exception\NotFoundHttpException: No route found for "GET /" (uncaught exception) at C:\wamp\www\LaboWebnDev\app\cache\prod\classes.php line 4564 [] []
[2012-03-11 15:00:47] request.ERROR: Symfony\Component\HttpKernel\Exception\NotFoundHttpException: No route found for "GET /labowebndev/web/Contenu/public/css/styleContenuBundle.css" (uncaught exception) at C:\wamp\www\LaboWebnDev\app\cache\prod\classes.php line 4564 [] []
[2012-03-11 15:09:11] request.ERROR: Symfony\Component\HttpKernel\Exception\NotFoundHttpException: No route found for "GET /labowebndev/web/Contenu/public/css/styleContenuBundle.css" (uncaught exception) at C:\wamp\www\LaboWebnDev\app\cache\prod\classes.php line 4564 [] []
[2012-03-11 15:09:42] request.ERROR: Symfony\Component\HttpKernel\Exception\NotFoundHttpException: No route found for "GET /labowebndev/web/Contenu/public/css/styleContenuBundle.css" (uncaught exception) at C:\wamp\www\LaboWebnDev\app\cache\prod\classes.php line 4564 [] []
[2012-03-11 15:13:39] request.ERROR: Symfony\Component\HttpKernel\Exception\NotFoundHttpException: No route found for "GET /labowebndev/web/Contenu/public/css/styleContenuBundle.css" (uncaught exception) at C:\wamp\www\LaboWebnDev\app\cache\prod\classes.php line 4564 [] []
[2012-03-11 15:13:42] request.ERROR: Symfony\Component\HttpKernel\Exception\NotFoundHttpException: No route found for "GET /labowebndev/web/Contenu/public/css/styleContenuBundle.css" (uncaught exception) at C:\wamp\www\LaboWebnDev\app\cache\prod\classes.php line 4564 [] []
[2012-03-11 15:13:52] request.ERROR: Symfony\Component\HttpKernel\Exception\NotFoundHttpException: No route found for "GET /labowebndev/web/Contenu/public/css/styleContenuBundle.css" (uncaught exception) at C:\wamp\www\LaboWebnDev\app\cache\prod\classes.php line 4564 [] []
[2012-03-11 15:14:55] request.ERROR: Symfony\Component\HttpKernel\Exception\NotFoundHttpException: No route found for "GET /labowebndev/web/Contenu/public/css/styleContenuBundle.css" (uncaught exception) at C:\wamp\www\LaboWebnDev\app\cache\prod\classes.php line 4564 [] []
[2012-03-11 15:19:31] request.ERROR: Symfony\Component\HttpKernel\Exception\NotFoundHttpException: No route found for "GET /labowebndev/web/Contenu/public/css/styleContenuBundle.css" (uncaught exception) at C:\wamp\www\LaboWebnDev\app\cache\prod\classes.php line 4564 [] []
[2012-03-11 15:19:33] request.ERROR: Symfony\Component\HttpKernel\Exception\NotFoundHttpException: No route found for "GET /labowebndev/web/Contenu/public/css/styleContenuBundle.css" (uncaught exception) at C:\wamp\www\LaboWebnDev\app\cache\prod\classes.php line 4564 [] []
[2012-03-11 15:20:27] request.ERROR: Symfony\Component\HttpKernel\Exception\NotFoundHttpException: No route found for "GET /labowebndev/web/Contenu/public/css/styleContenuBundle.css" (uncaught exception) at C:\wamp\www\LaboWebnDev\app\cache\prod\classes.php line 4564 [] []
[2012-03-11 15:20:52] request.ERROR: Symfony\Component\HttpKernel\Exception\NotFoundHttpException: No route found for "GET /labowebndev/web/Contenu/public/css/styleContenuBundle.css" (uncaught exception) at C:\wamp\www\LaboWebnDev\app\cache\prod\classes.php line 4564 [] []
[2012-03-11 15:26:59] request.ERROR: Symfony\Component\HttpKernel\Exception\NotFoundHttpException: No route found for "GET /labowebndev/web/Contenu/public/css/styleContenuBundle.css" (uncaught exception) at C:\wamp\www\LaboWebnDev\app\cache\prod\classes.php line 4564 [] []
[2012-03-11 15:28:05] request.ERROR: Symfony\Component\HttpKernel\Exception\NotFoundHttpException: No route found for "GET /labowebndev/web/Contenu/public/css/styleContenuBundle.css" (uncaught exception) at C:\wamp\www\LaboWebnDev\app\cache\prod\classes.php line 4564 [] []
[2012-03-11 15:28:34] request.ERROR: Symfony\Component\HttpKernel\Exception\NotFoundHttpException: No route found for "GET /labowebndev/web/Contenu/public/css/styleContenuBundle.css" (uncaught exception) at C:\wamp\www\LaboWebnDev\app\cache\prod\classes.php line 4564 [] []
[2012-03-11 15:28:42] request.ERROR: Symfony\Component\HttpKernel\Exception\NotFoundHttpException: No route found for "GET /labowebndev/web/Contenu/public/css/styleContenuBundle.css" (uncaught exception) at C:\wamp\www\LaboWebnDev\app\cache\prod\classes.php line 4564 [] []
[2012-03-11 20:06:22] request.ERROR: Symfony\Component\HttpKernel\Exception\NotFoundHttpException: No route found for "GET /labowebndev/web/web/images/supinfoLogo.png" (uncaught exception) at C:\wamp\www\LaboWebnDev\app\cache\prod\classes.php line 4564 [] []
[2012-03-11 20:06:30] request.ERROR: Symfony\Component\HttpKernel\Exception\NotFoundHttpException: No route found for "GET /labowebndev/web/web/images/supinfoLogo.png" (uncaught exception) at C:\wamp\www\LaboWebnDev\app\cache\prod\classes.php line 4564 [] []
[2012-03-11 20:06:55] request.ERROR: Symfony\Component\HttpKernel\Exception\NotFoundHttpException: No route found for "GET /labowebndev/web/web/images/supinfoLogo.png" (uncaught exception) at C:\wamp\www\LaboWebnDev\app\cache\prod\classes.php line 4564 [] []
[2012-03-11 20:07:13] request.ERROR: Symfony\Component\HttpKernel\Exception\NotFoundHttpException: No route found for "GET /labowebndev/web/web/images/supinfoLogo.png" (uncaught exception) at C:\wamp\www\LaboWebnDev\app\cache\prod\classes.php line 4564 [] []
[2012-03-11 20:07:24] request.ERROR: Symfony\Component\HttpKernel\Exception\NotFoundHttpException: No route found for "GET /labowebndev/web/web/images/supinfoLogo.png" (uncaught exception) at C:\wamp\www\LaboWebnDev\app\cache\prod\classes.php line 4564 [] []
[2012-03-11 20:07:26] request.ERROR: Symfony\Component\HttpKernel\Exception\NotFoundHttpException: No route found for "GET /labowebndev/web/web/images/supinfoLogo.png" (uncaught exception) at C:\wamp\www\LaboWebnDev\app\cache\prod\classes.php line 4564 [] []
[2012-03-11 20:08:16] request.ERROR: Symfony\Component\HttpKernel\Exception\NotFoundHttpException: No route found for "GET /labowebndev/web/web/images/supinfoLogo.png" (uncaught exception) at C:\wamp\www\LaboWebnDev\app\cache\prod\classes.php line 4564 [] []
[2012-03-11 20:09:10] request.ERROR: Symfony\Component\HttpKernel\Exception\NotFoundHttpException: No route found for "GET /labowebndev/web/web/images/supinfoLogo.png" (uncaught exception) at C:\wamp\www\LaboWebnDev\app\cache\prod\classes.php line 4564 [] []
[2012-03-11 20:09:12] request.ERROR: Symfony\Component\HttpKernel\Exception\NotFoundHttpException: No route found for "GET /labowebndev/web/web/images/supinfoLogo.png" (uncaught exception) at C:\wamp\www\LaboWebnDev\app\cache\prod\classes.php line 4564 [] []
[2012-03-11 20:09:14] request.ERROR: Symfony\Component\HttpKernel\Exception\NotFoundHttpException: No route found for "GET /labowebndev/web/web/images/supinfoLogo.png" (uncaught exception) at C:\wamp\www\LaboWebnDev\app\cache\prod\classes.php line 4564 [] []
[2012-03-11 20:28:10] request.ERROR: Symfony\Component\HttpKernel\Exception\NotFoundHttpException: No route found for "GET /labowebndev/web/web/images/supinfoLogo.png" (uncaught exception) at C:\wamp\www\LaboWebnDev\app\cache\prod\classes.php line 4564 [] []
[2012-03-11 20:36:16] request.ERROR: Symfony\Component\HttpKernel\Exception\NotFoundHttpException: No route found for "GET /labowebndev/web/css/images/supinfoLogo.png" (uncaught exception) at C:\wamp\www\LaboWebnDev\app\cache\prod\classes.php line 4564 [] []
[2012-03-11 20:50:28] request.ERROR: Symfony\Component\HttpKernel\Exception\NotFoundHttpException: No route found for "GET /labowebndev/web/images/techno.png" (uncaught exception) at C:\wamp\www\LaboWebnDev\app\cache\prod\classes.php line 4564 [] []
[2012-03-11 20:53:20] request.ERROR: Symfony\Component\HttpKernel\Exception\NotFoundHttpException: No route found for "GET /labowebndev/web/images/supinfoLogo.png" (uncaught exception) at C:\wamp\www\LaboWebnDev\app\cache\prod\classes.php line 4564 [] []
[2012-03-11 20:55:29] request.ERROR: Symfony\Component\HttpKernel\Exception\NotFoundHttpException: No route found for "GET /labowebndev/web/images/techno.png" (uncaught exception) at C:\wamp\www\LaboWebnDev\app\cache\prod\classes.php line 4564 [] []
[2012-03-11 20:56:58] request.ERROR: Symfony\Component\HttpKernel\Exception\NotFoundHttpException: No route found for "GET /labowebndev/web/LaboContenuBundleechno.png" (uncaught exception) at C:\wamp\www\LaboWebnDev\app\cache\prod\classes.php line 4564 [] []
[2012-03-11 20:57:55] request.ERROR: Symfony\Component\HttpKernel\Exception\NotFoundHttpException: No route found for "GET /labowebndev/web/LaboContenuBundleechno.png" (uncaught exception) at C:\wamp\www\LaboWebnDev\app\cache\prod\classes.php line 4564 [] []
[2012-03-11 21:29:56] request.ERROR: Symfony\Component\HttpKernel\Exception\NotFoundHttpException: No route found for "GET /labowebndev/web/bundles/labocontenu/images/equipe.png" (uncaught exception) at C:\wamp\www\LaboWebnDev\app\cache\prod\classes.php line 4564 [] []
[2012-03-11 21:29:58] request.ERROR: Symfony\Component\HttpKernel\Exception\NotFoundHttpException: No route found for "GET /labowebndev/web/bundles/labocontenu/images/equipe.png" (uncaught exception) at C:\wamp\www\LaboWebnDev\app\cache\prod\classes.php line 4564 [] []
[2012-03-14 16:41:51] request.ERROR: Symfony\Component\HttpKernel\Exception\NotFoundHttpException: No route found for "GET /labowebndev/web/Bundles/labocontenu/javascript/javascript.js" (uncaught exception) at C:\wamp\www\LaboWebnDev\app\cache\prod\classes.php line 4564 [] []
[2012-03-14 16:43:32] request.ERROR: Symfony\Component\HttpKernel\Exception\NotFoundHttpException: No route found for "GET /labowebndev/web/Bundles/labocontenu/javascript/javascript.js" (uncaught exception) at C:\wamp\www\LaboWebnDev\app\cache\prod\classes.php line 4564 [] []
[2012-03-14 16:43:33] request.ERROR: Symfony\Component\HttpKernel\Exception\NotFoundHttpException: No route found for "GET /labowebndev/web/Bundles/labocontenu/javascript/javascript.js" (uncaught exception) at C:\wamp\www\LaboWebnDev\app\cache\prod\classes.php line 4564 [] []
[2012-03-14 16:43:53] request.ERROR: Symfony\Component\HttpKernel\Exception\NotFoundHttpException: No route found for "GET /labowebndev/web/Bundles/labocontenu/javascript/javascript.js" (uncaught exception) at C:\wamp\www\LaboWebnDev\app\cache\prod\classes.php line 4564 [] []
[2012-03-14 16:45:13] request.ERROR: Symfony\Component\HttpKernel\Exception\NotFoundHttpException: No route found for "GET /labowebndev/web/Bundles/labocontenu/javascript/javascript.js" (uncaught exception) at C:\wamp\www\LaboWebnDev\app\cache\prod\classes.php line 4564 [] []
[2012-03-14 16:45:13] request.ERROR: Symfony\Component\HttpKernel\Exception\NotFoundHttpException: No route found for "GET /labowebndev/web/Bundles/labocontenu/javascript/javascript.js" (uncaught exception) at C:\wamp\www\LaboWebnDev\app\cache\prod\classes.php line 4564 [] []
[2012-03-14 16:47:47] request.ERROR: Symfony\Component\HttpKernel\Exception\NotFoundHttpException: No route found for "GET /labowebndev/web/Bundles/labocontenu/javascript/javascript.js" (uncaught exception) at C:\wamp\www\LaboWebnDev\app\cache\prod\classes.php line 4564 [] []
[2012-03-14 16:47:47] request.ERROR: Symfony\Component\HttpKernel\Exception\NotFoundHttpException: No route found for "GET /labowebndev/web/Bundles/labocontenu/javascript/javascript.js" (uncaught exception) at C:\wamp\www\LaboWebnDev\app\cache\prod\classes.php line 4564 [] []
[2012-03-14 16:48:05] request.ERROR: Symfony\Component\HttpKernel\Exception\NotFoundHttpException: No route found for "GET /labowebndev/web/Bundles/labocontenu/javascript/javascript.js" (uncaught exception) at C:\wamp\www\LaboWebnDev\app\cache\prod\classes.php line 4564 [] []
[2012-03-14 16:48:05] request.ERROR: Symfony\Component\HttpKernel\Exception\NotFoundHttpException: No route found for "GET /labowebndev/web/Bundles/labocontenu/javascript/javascript.js" (uncaught exception) at C:\wamp\www\LaboWebnDev\app\cache\prod\classes.php line 4564 [] []
[2012-03-14 16:49:39] request.ERROR: Symfony\Component\HttpKernel\Exception\NotFoundHttpException: No route found for "GET /labowebndev/web/Bundles/labocontenu/javascript/javascript.js" (uncaught exception) at C:\wamp\www\LaboWebnDev\app\cache\prod\classes.php line 4564 [] []
[2012-03-14 16:49:40] request.ERROR: Symfony\Component\HttpKernel\Exception\NotFoundHttpException: No route found for "GET /labowebndev/web/Bundles/labocontenu/javascript/javascript.js" (uncaught exception) at C:\wamp\www\LaboWebnDev\app\cache\prod\classes.php line 4564 [] []
[2012-03-14 16:50:08] request.ERROR: Symfony\Component\HttpKernel\Exception\NotFoundHttpException: No route found for "GET /labowebndev/web/Bundles/labocontenu/javascript/javascript.js" (uncaught exception) at C:\wamp\www\LaboWebnDev\app\cache\prod\classes.php line 4564 [] []
[2012-03-14 16:50:08] request.ERROR: Symfony\Component\HttpKernel\Exception\NotFoundHttpException: No route found for "GET /labowebndev/web/Bundles/labocontenu/javascript/javascript.js" (uncaught exception) at C:\wamp\www\LaboWebnDev\app\cache\prod\classes.php line 4564 [] []
[2012-03-14 16:50:25] request.ERROR: Symfony\Component\HttpKernel\Exception\NotFoundHttpException: No route found for "GET /labowebndev/web/Bundles/labocontenu/javascript/javascript.js" (uncaught exception) at C:\wamp\www\LaboWebnDev\app\cache\prod\classes.php line 4564 [] []
[2012-03-14 16:50:26] request.ERROR: Symfony\Component\HttpKernel\Exception\NotFoundHttpException: No route found for "GET /labowebndev/web/Bundles/labocontenu/javascript/javascript.js" (uncaught exception) at C:\wamp\www\LaboWebnDev\app\cache\prod\classes.php line 4564 [] []
[2012-03-14 16:52:25] request.ERROR: Symfony\Component\HttpKernel\Exception\NotFoundHttpException: No route found for "GET /labowebndev/web/Bundles/labocontenu/javascript/javascript.js" (uncaught exception) at C:\wamp\www\LaboWebnDev\app\cache\prod\classes.php line 4564 [] []
[2012-03-14 16:52:25] request.ERROR: Symfony\Component\HttpKernel\Exception\NotFoundHttpException: No route found for "GET /labowebndev/web/Bundles/labocontenu/javascript/javascript.js" (uncaught exception) at C:\wamp\www\LaboWebnDev\app\cache\prod\classes.php line 4564 [] []
[2012-03-14 16:55:52] request.ERROR: Symfony\Component\HttpKernel\Exception\NotFoundHttpException: No route found for "GET /labowebndev/web/Bundles/labocontenu/javascript/javascript.js" (uncaught exception) at C:\wamp\www\LaboWebnDev\app\cache\prod\classes.php line 4564 [] []
[2012-03-14 16:57:13] request.ERROR: Symfony\Component\HttpKernel\Exception\NotFoundHttpException: No route found for "GET /labowebndev/web/Bundles/labocontenu/javascript/javascript.js" (uncaught exception) at C:\wamp\www\LaboWebnDev\app\cache\prod\classes.php line 4564 [] []
[2012-03-14 16:57:19] request.ERROR: Symfony\Component\HttpKernel\Exception\NotFoundHttpException: No route found for "GET /labowebndev/web/Bundles/labocontenu/javascript/javascript.js" (uncaught exception) at C:\wamp\www\LaboWebnDev\app\cache\prod\classes.php line 4564 [] []
[2012-03-14 16:57:25] request.ERROR: Symfony\Component\HttpKernel\Exception\NotFoundHttpException: No route found for "GET /labowebndev/web/Bundles/labocontenu/javascript/javascript.js" (uncaught exception) at C:\wamp\www\LaboWebnDev\app\cache\prod\classes.php line 4564 [] []
[2012-03-14 16:58:12] request.ERROR: Symfony\Component\HttpKernel\Exception\NotFoundHttpException: No route found for "GET /labowebndev/web/Bundles/labocontenu/javascript/javascript.js" (uncaught exception) at C:\wamp\www\LaboWebnDev\app\cache\prod\classes.php line 4564 [] []
[2012-03-14 16:58:27] request.ERROR: Symfony\Component\HttpKernel\Exception\NotFoundHttpException: No route found for "GET /labowebndev/web/Bundles/labocontenu/javascript/javascript.js" (uncaught exception) at C:\wamp\www\LaboWebnDev\app\cache\prod\classes.php line 4564 [] []
[2012-03-14 16:59:02] request.ERROR: Symfony\Component\HttpKernel\Exception\NotFoundHttpException: No route found for "GET /labowebndev/web/Bundles/labocontenu/javascript/javascript.js" (uncaught exception) at C:\wamp\www\LaboWebnDev\app\cache\prod\classes.php line 4564 [] []
